06-20 07:28:27 ERROR [27043:netdisk_ls.c:49] filename too long
06-20 07:28:27 ERROR [27043:netdisk_cmd_request.c:89] net_cmd_handler() error
06-20 07:28:28 ERROR [27043:netdisk_cmd_request.c:89] net_cmd_handler() error
06-20 07:28:28 ERROR [27043:netdisk_cmd_request.c:89] net_cmd_handler() error
06-20 08:21:20 INFO  [27370:netdisk_login.c:151] username or password is fault.

06-20 08:28:42 ERROR [27613:netdisk_reg.c:139] remove() error
06-20 08:28:42 ERROR [27613:main.c:57] netdisk_reg() error
06-20 08:28:51 ERROR [27625:netdisk_reg.c:139] remove() error
06-20 08:28:51 ERROR [27625:main.c:57] netdisk_reg() error
06-20 08:32:17 ERROR [27738:netdisk_reg.c:139] remove() error
06-20 08:32:17 ERROR [27738:main.c:57] netdisk_reg() error
06-20 08:36:31 ERROR [27863:netdisk_reg.c:149] mkdir() error
06-20 08:36:31 ERROR [27863:main.c:57] netdisk_reg() error
06-20 08:40:46 ERROR [28123:netdisk_cmd_request.c:89] net_cmd_handler() error
06-20 08:51:41 ERROR [28620:netdisk_cmd_request.c:89] net_cmd_handler() error
06-20 08:56:34 INFO  [28736:netdisk_reg_connect.c:35] connect() error:
06-20 08:56:34 ERROR [28736:main.c:50] netdisk_reg_connect() error:
06-20 09:19:19 ERROR [29476:main.c:57] netdisk_reg() error
06-20 09:20:59 ERROR [29521:main.c:57] netdisk_reg() error
06-20 09:22:40 ERROR [29530:netdisk_cmd_request.c:89] net_cmd_handler() error
06-20 09:23:11 ERROR [29554:main.c:57] netdisk_reg() error
06-20 09:24:01 ERROR [29633:main.c:57] netdisk_reg() error
06-20 09:24:54 ERROR [29648:main.c:57] netdisk_reg() error
06-20 09:27:20 ERROR [29682:main.c:57] netdisk_reg() error
06-20 09:27:30 INFO  [29683:netdisk_login.c:151] username or password is fault.

06-20 09:32:52 ERROR [29695:netdisk_cmd_request.c:89] net_cmd_handler() error
06-20 09:47:17 ERROR [30312:netdisk_cmd_request.c:95] net_cmd_handler() error
06-20 09:47:19 ERROR [30312:netdisk_cmd_request.c:95] net_cmd_handler() error
06-20 09:47:21 ERROR [30312:netdisk_cmd_request.c:95] net_cmd_handler() error
06-20 09:47:22 ERROR [30312:netdisk_cmd_request.c:95] net_cmd_handler() error
06-20 09:47:23 ERROR [30312:netdisk_cmd_request.c:95] net_cmd_handler() error
06-20 09:47:28 ERROR [30312:netdisk_cmd_request.c:95] net_cmd_handler() error
06-20 09:47:30 ERROR [30312:netdisk_cmd_request.c:95] net_cmd_handler() error
06-20 09:47:30 ERROR [30312:netdisk_cmd_request.c:95] net_cmd_handler() error
06-20 09:47:31 ERROR [30312:netdisk_cmd_request.c:95] net_cmd_handler() error
06-20 09:47:31 ERROR [30312:netdisk_cmd_request.c:95] net_cmd_handler() error
06-20 09:47:34 ERROR [30312:netdisk_cmd_request.c:95] net_cmd_handler() error
06-20 09:48:13 ERROR [30402:netdisk_cmd_request.c:95] net_cmd_handler() error
06-20 09:48:19 ERROR [30402:netdisk_cmd_request.c:95] net_cmd_handler() error
06-20 09:48:21 ERROR [30402:netdisk_cmd_request.c:95] net_cmd_handler() error
06-20 09:49:33 ERROR [30544:netdisk_cmd_request.c:95] net_cmd_handler() error
06-20 09:49:35 ERROR [30544:netdisk_cmd_request.c:95] net_cmd_handler() error
06-20 09:49:36 ERROR [30544:netdisk_cmd_request.c:95] net_cmd_handler() error
06-20 09:49:37 ERROR [30544:netdisk_cmd_request.c:95] net_cmd_handler() error
06-20 09:50:11 ERROR [30622:netdisk_cmd_request.c:95] net_cmd_handler() error
06-20 09:50:12 ERROR [30622:netdisk_cmd_request.c:95] net_cmd_handler() error
06-20 10:15:17 ERROR [31050:netdisk_cmd_request.c:95] net_cmd_handler() error
06-20 10:15:18 ERROR [31050:netdisk_cmd_request.c:95] net_cmd_handler() error
06-20 10:15:19 ERROR [31050:netdisk_cmd_request.c:95] net_cmd_handler() error
06-20 10:15:20 ERROR [31050:netdisk_cmd_request.c:95] net_cmd_handler() error
06-20 10:15:25 ERROR [31050:netdisk_cmd_request.c:95] net_cmd_handler() error
06-20 10:15:35 ERROR [31050:netdisk_cmd_request.c:95] net_cmd_handler() error
06-20 10:15:44 ERROR [31050:netdisk_cmd_request.c:95] net_cmd_handler() error
06-20 10:31:41 ERROR [31140:netdisk_cmd_request.c:95] net_cmd_handler() error
06-20 11:29:01 INFO  [32506:netdisk_login.c:151] username or password is fault.

06-20 11:30:03 ERROR [32509:netdisk_cmd_request.c:95] net_cmd_handler() error
06-20 11:32:20 ERROR [32560:netdisk_ll.c:35] filename too long
06-20 11:32:20 ERROR [32560:netdisk_cmd_request.c:95] net_cmd_handler() error
06-20 11:43:03 ERROR [466:netdisk_cmd_request.c:95] net_cmd_handler() error
06-20 12:23:17 INFO  [661:netdisk_connect.c:35] connect() error:
06-20 12:23:17 ERROR [661:netdisk_ll.c:42] netdisk_connect() error
06-20 12:23:17 ERROR [661:netdisk_cmd_request.c:95] net_cmd_handler() error
06-20 15:22:43 INFO  [4966:netdisk_login.c:151] username or password is fault.

06-20 15:24:37 ERROR [4966:netdisk_cmd_request.c:95] net_cmd_handler() error
06-20 15:45:22 ERROR [4966:netdisk_cmd_request.c:95] net_cmd_handler() error
06-20 15:50:56 ERROR [6053:netdisk_cmd_request.c:95] net_cmd_handler() error
06-20 15:51:00 ERROR [6053:netdisk_cmd_request.c:95] net_cmd_handler() error
06-20 15:58:34 ERROR [6368:netdisk_cmd_request.c:95] net_cmd_handler() error
06-20 16:00:25 ERROR [6450:netdisk_cmd_request.c:95] net_cmd_handler() error
06-20 16:16:10 ERROR [6679:netdisk_cmd_request.c:95] net_cmd_handler() error
06-20 16:46:31 ERROR [6785:netdisk_put.c:88] open() error
06-20 16:46:31 ERROR [6785:netdisk_cmd_request.c:95] net_cmd_handler() error
06-20 16:49:00 ERROR [7923:netdisk_cmd_request.c:95] net_cmd_handler() error
06-20 16:52:31 ERROR [7923:netdisk_ls.c:49] filename too long
06-20 16:52:31 ERROR [7923:netdisk_cmd_request.c:95] net_cmd_handler() error
06-20 16:56:48 ERROR [7923:netdisk_cmd_request.c:95] net_cmd_handler() error
06-20 16:59:03 INFO  [8388:netdisk_login.c:151] username or password is fault.

06-20 17:08:56 INFO  [8550:netdisk_connect.c:35] connect() error:
06-20 17:08:56 ERROR [8550:netdisk_put.c:52] netdisk_connect() error
06-20 17:08:56 ERROR [8550:netdisk_cmd_request.c:95] net_cmd_handler() error
06-20 17:09:03 INFO  [8550:netdisk_connect.c:35] connect() error:
06-20 17:09:03 ERROR [8550:netdisk_put.c:52] netdisk_connect() error
06-20 17:09:03 ERROR [8550:netdisk_cmd_request.c:95] net_cmd_handler() error
06-20 17:09:41 ERROR [8550:netdisk_ls.c:49] filename too long
06-20 17:09:41 ERROR [8550:netdisk_cmd_request.c:95] net_cmd_handler() error
06-20 17:26:59 INFO  [9135:netdisk_login_connect.c:35] connect() error:
06-20 17:26:59 ERROR [9135:main.c:75] netdisk_login_connect() error:
06-20 17:27:24 ERROR [9140:netdisk_ls.c:49] filename too long
06-20 17:27:24 ERROR [9140:netdisk_cmd_request.c:95] net_cmd_handler() error
